<html>
<head>
<title>TestNG:  Surefire test</title>
<link href="../testng.css" rel="stylesheet" type="text/css" />
<link href="../my-testng.css" rel="stylesheet" type="text/css" />

<style type="text/css">
.log { display: none;} 
.stack-trace { display: none;} 
</style>
<script type="text/javascript">
<!--
function flip(e) {
  current = e.style.display;
  if (current == 'block') {
    e.style.display = 'none';
    return 0;
  }
  else {
    e.style.display = 'block';
    return 1;
  }
}

function toggleBox(szDivId, elem, msg1, msg2)
{
  var res = -1;  if (document.getElementById) {
    res = flip(document.getElementById(szDivId));
  }
  else if (document.all) {
    // this is the way old msie versions work
    res = flip(document.all[szDivId]);
  }
  if(elem) {
    if(res == 0) elem.innerHTML = msg1; else elem.innerHTML = msg2;
  }

}

function toggleAllBoxes() {
  if (document.getElementsByTagName) {
    d = document.getElementsByTagName('div');
    for (i = 0; i < d.length; i++) {
      if (d[i].className == 'log') {
        flip(d[i]);
      }
    }
  }
}

// -->
</script>

</head>
<body>
<h2 align='center'>Surefire test</h2><table border='1' align="center">
<tr>
<td>Tests passed/Failed/Skipped:</td><td>7/1/0</td>
</tr><tr>
<td>Started on:</td><td>Sun Aug 07 20:31:50 BST 2022</td>
</tr>
<tr><td>Total time:</td><td>32 seconds (32466 ms)</td>
</tr><tr>
<td>Included groups:</td><td></td>
</tr><tr>
<td>Excluded groups:</td><td></td>
</tr>
</table><p/>
<small><i>(Hover the method name to see the test class name)</i></small><p/>
<table width='100%' border='1' class='invocation-failed'>
<tr><td colspan='4' align='center'><b>FAILED TESTS</b></td></tr>
<tr><td><b>Test method</b></td>
<td width="30%"><b>Exception</b></td>
<td width="10%"><b>Time (seconds)</b></td>
<td><b>Instance</b></td>
</tr>
<tr>
<td title='runner.TestRunner.runScenario()'><b>runScenario</b><br>Test class: runner.TestRunner<br>Test method: Runs Cucumber Scenarios<br>Parameters: "Validate timesheet details page currency", "Optional[Timesheet Details Page]"</td>
<td><div><pre>java.lang.AssertionError: expected [true] but found [false]
	at steps.TimesheetDetailsPageSteps.validate_hourly_rate_currency_label(TimesheetDetailsPageSteps.java:31)
	at ✽.validate hourly rate currency label is &quot;£&quot;(file:///Users/venu/Desktop/QA-Task/src/test/resources/features/timesheetDetailsPage.feature:6)
... Removed 4 stack frames</pre></div><a href='#' onClick='toggleBox("stack-trace1505006316", this, "Click to show all stack frames", "Click to hide stack frames")'>Click to show all stack frames</a>
<div class='stack-trace' id='stack-trace1505006316'><pre>java.lang.AssertionError: expected [true] but found [false]
	at org.testng.Assert.fail(Assert.java:96)
	at org.testng.Assert.failNotEquals(Assert.java:776)
	at org.testng.Assert.assertTrue(Assert.java:44)
	at org.testng.Assert.assertTrue(Assert.java:54)
	at steps.TimesheetDetailsPageSteps.validate_hourly_rate_currency_label(TimesheetDetailsPageSteps.java:31)
	at ✽.validate hourly rate currency label is &quot;£&quot;(file:///Users/venu/Desktop/QA-Task/src/test/resources/features/timesheetDetailsPage.feature:6)
</pre></div></td>
<td>2</td>
<td>runner.TestRunner@5427c60c</td></tr>
</table><p>
<table width='100%' border='1' class='invocation-passed'>
<tr><td colspan='4' align='center'><b>PASSED TESTS</b></td></tr>
<tr><td><b>Test method</b></td>
<td width="30%"><b>Exception</b></td>
<td width="10%"><b>Time (seconds)</b></td>
<td><b>Instance</b></td>
</tr>
<tr>
<td title='runner.TestRunner.runScenario()'><b>runScenario</b><br>Test class: runner.TestRunner<br>Test method: Runs Cucumber Scenarios<br>Parameters: "Validate new timesheet is create successfully", "Optional[Create New Timesheet]"</td>
<td></td>
<td>6</td>
<td>runner.TestRunner@5427c60c</td></tr>
<tr>
<td title='runner.TestRunner.runScenario()'><b>runScenario</b><br>Test class: runner.TestRunner<br>Test method: Runs Cucumber Scenarios<br>Parameters: "Validate new timesheet is create successfully", "Optional[Create New Timesheet]"</td>
<td></td>
<td>4</td>
<td>runner.TestRunner@5427c60c</td></tr>
<tr>
<td title='runner.TestRunner.runScenario()'><b>runScenario</b><br>Test class: runner.TestRunner<br>Test method: Runs Cucumber Scenarios<br>Parameters: "Validate new timesheet is create successfully", "Optional[Create New Timesheet]"</td>
<td></td>
<td>4</td>
<td>runner.TestRunner@5427c60c</td></tr>
<tr>
<td title='runner.TestRunner.runScenario()'><b>runScenario</b><br>Test class: runner.TestRunner<br>Test method: Runs Cucumber Scenarios<br>Parameters: "Validate new timesheet is create successfully", "Optional[Create New Timesheet]"</td>
<td></td>
<td>4</td>
<td>runner.TestRunner@5427c60c</td></tr>
<tr>
<td title='runner.TestRunner.runScenario()'><b>runScenario</b><br>Test class: runner.TestRunner<br>Test method: Runs Cucumber Scenarios<br>Parameters: "Validate new timesheet is create successfully", "Optional[Create New Timesheet]"</td>
<td></td>
<td>4</td>
<td>runner.TestRunner@5427c60c</td></tr>
<tr>
<td title='runner.TestRunner.runScenario()'><b>runScenario</b><br>Test class: runner.TestRunner<br>Test method: Runs Cucumber Scenarios<br>Parameters: "Validate timesheet home page is accessible", "Optional[Timesheet Home]"</td>
<td></td>
<td>2</td>
<td>runner.TestRunner@5427c60c</td></tr>
<tr>
<td title='runner.TestRunner.runScenario()'><b>runScenario</b><br>Test class: runner.TestRunner<br>Test method: Runs Cucumber Scenarios<br>Parameters: "Validate create new timesheet page is accessible", "Optional[Timesheet Home]"</td>
<td></td>
<td>2</td>
<td>runner.TestRunner@5427c60c</td></tr>
</table><p>
</body>
</html>