<?xml version="1.0" encoding="UTF-8"?>
<testng-results ignored="0" total="8" passed="7" failed="1" skipped="0">
  <reporter-output>
  </reporter-output>
  <suite started-at="2022-08-07T19:31:50Z" name="Surefire suite" finished-at="2022-08-07T19:32:23Z" duration-ms="32466">
    <groups>
      <group name="cucumber">
        <method signature="AbstractTestNGCucumberTests.runScenario(io.cucumber.testng.PickleWrapper, io.cucumber.testng.FeatureWrapper)[pri:0, instance:runner.TestRunner@5427c60c]" name="runScenario" class="io.cucumber.testng.AbstractTestNGCucumberTests"/>
      </group> <!-- cucumber -->
    </groups>
    <test started-at="2022-08-07T19:31:50Z" name="Surefire test" finished-at="2022-08-07T19:32:23Z" duration-ms="32466">
      <class name="runner.TestRunner">
        <test-method is-config="true" signature="setUpClass()[pri:0, instance:runner.TestRunner@5427c60c]" started-at="2022-08-07T19:31:50Z" name="setUpClass" finished-at="2022-08-07T19:31:51Z" duration-ms="184" status="PASS">
          <reporter-output>
          </reporter-output>
        </test-method> <!-- setUpClass -->
        <test-method signature="runScenario(io.cucumber.testng.PickleWrapper, io.cucumber.testng.FeatureWrapper)[pri:0, instance:runner.TestRunner@5427c60c]" started-at="2022-08-07T19:31:51Z" name="runScenario" description="Runs Cucumber Scenarios" data-provider="scenarios" finished-at="2022-08-07T19:31:57Z" duration-ms="6538" status="PASS">
          <params>
            <param index="0">
              <value>
                <![CDATA["Validate new timesheet is create successfully"]]>
              </value>
            </param>
            <param index="1">
              <value>
                <![CDATA["Optional[Create New Timesheet]"]]>
              </value>
            </param>
          </params>
          <reporter-output>
          </reporter-output>
        </test-method> <!-- runScenario -->
        <test-method signature="runScenario(io.cucumber.testng.PickleWrapper, io.cucumber.testng.FeatureWrapper)[pri:0, instance:runner.TestRunner@5427c60c]" started-at="2022-08-07T19:31:57Z" name="runScenario" description="Runs Cucumber Scenarios" data-provider="scenarios" finished-at="2022-08-07T19:32:02Z" duration-ms="4934" status="PASS">
          <params>
            <param index="0">
              <value>
                <![CDATA["Validate new timesheet is create successfully"]]>
              </value>
            </param>
            <param index="1">
              <value>
                <![CDATA["Optional[Create New Timesheet]"]]>
              </value>
            </param>
          </params>
          <reporter-output>
          </reporter-output>
        </test-method> <!-- runScenario -->
        <test-method signature="runScenario(io.cucumber.testng.PickleWrapper, io.cucumber.testng.FeatureWrapper)[pri:0, instance:runner.TestRunner@5427c60c]" started-at="2022-08-07T19:32:02Z" name="runScenario" description="Runs Cucumber Scenarios" data-provider="scenarios" finished-at="2022-08-07T19:32:07Z" duration-ms="4540" status="PASS">
          <params>
            <param index="0">
              <value>
                <![CDATA["Validate new timesheet is create successfully"]]>
              </value>
            </param>
            <param index="1">
              <value>
                <![CDATA["Optional[Create New Timesheet]"]]>
              </value>
            </param>
          </params>
          <reporter-output>
          </reporter-output>
        </test-method> <!-- runScenario -->
        <test-method signature="runScenario(io.cucumber.testng.PickleWrapper, io.cucumber.testng.FeatureWrapper)[pri:0, instance:runner.TestRunner@5427c60c]" started-at="2022-08-07T19:32:07Z" name="runScenario" description="Runs Cucumber Scenarios" data-provider="scenarios" finished-at="2022-08-07T19:32:11Z" duration-ms="4165" status="PASS">
          <params>
            <param index="0">
              <value>
                <![CDATA["Validate new timesheet is create successfully"]]>
              </value>
            </param>
            <param index="1">
              <value>
                <![CDATA["Optional[Create New Timesheet]"]]>
              </value>
            </param>
          </params>
          <reporter-output>
          </reporter-output>
        </test-method> <!-- runScenario -->
        <test-method signature="runScenario(io.cucumber.testng.PickleWrapper, io.cucumber.testng.FeatureWrapper)[pri:0, instance:runner.TestRunner@5427c60c]" started-at="2022-08-07T19:32:11Z" name="runScenario" description="Runs Cucumber Scenarios" data-provider="scenarios" finished-at="2022-08-07T19:32:15Z" duration-ms="4130" status="PASS">
          <params>
            <param index="0">
              <value>
                <![CDATA["Validate new timesheet is create successfully"]]>
              </value>
            </param>
            <param index="1">
              <value>
                <![CDATA["Optional[Create New Timesheet]"]]>
              </value>
            </param>
          </params>
          <reporter-output>
          </reporter-output>
        </test-method> <!-- runScenario -->
        <test-method signature="runScenario(io.cucumber.testng.PickleWrapper, io.cucumber.testng.FeatureWrapper)[pri:0, instance:runner.TestRunner@5427c60c]" started-at="2022-08-07T19:32:15Z" name="runScenario" description="Runs Cucumber Scenarios" data-provider="scenarios" finished-at="2022-08-07T19:32:17Z" duration-ms="2525" status="FAIL">
          <params>
            <param index="0">
              <value>
                <![CDATA["Validate timesheet details page currency"]]>
              </value>
            </param>
            <param index="1">
              <value>
                <![CDATA["Optional[Timesheet Details Page]"]]>
              </value>
            </param>
          </params>
          <exception class="java.lang.AssertionError">
            <message>
              <![CDATA[expected [true] but found [false]]]>
            </message>
            <full-stacktrace>
              <![CDATA[java.lang.AssertionError: expected [true] but found [false]
at org.testng.Assert.fail(Assert.java:96)
at org.testng.Assert.failNotEquals(Assert.java:776)
at org.testng.Assert.assertTrue(Assert.java:44)
at org.testng.Assert.assertTrue(Assert.java:54)
at steps.TimesheetDetailsPageSteps.validate_hourly_rate_currency_label(TimesheetDetailsPageSteps.java:31)
at ✽.validate hourly rate currency label is "£"(file:///Users/venu/Desktop/QA-Task/src/test/resources/features/timesheetDetailsPage.feature:6)
]]>
            </full-stacktrace>
          </exception> <!-- java.lang.AssertionError -->
          <reporter-output>
          </reporter-output>
        </test-method> <!-- runScenario -->
        <test-method signature="runScenario(io.cucumber.testng.PickleWrapper, io.cucumber.testng.FeatureWrapper)[pri:0, instance:runner.TestRunner@5427c60c]" started-at="2022-08-07T19:32:17Z" name="runScenario" description="Runs Cucumber Scenarios" data-provider="scenarios" finished-at="2022-08-07T19:32:20Z" duration-ms="2148" status="PASS">
          <params>
            <param index="0">
              <value>
                <![CDATA["Validate timesheet home page is accessible"]]>
              </value>
            </param>
            <param index="1">
              <value>
                <![CDATA["Optional[Timesheet Home]"]]>
              </value>
            </param>
          </params>
          <reporter-output>
          </reporter-output>
        </test-method> <!-- runScenario -->
        <test-method signature="runScenario(io.cucumber.testng.PickleWrapper, io.cucumber.testng.FeatureWrapper)[pri:0, instance:runner.TestRunner@5427c60c]" started-at="2022-08-07T19:32:20Z" name="runScenario" description="Runs Cucumber Scenarios" data-provider="scenarios" finished-at="2022-08-07T19:32:22Z" duration-ms="2602" status="PASS">
          <params>
            <param index="0">
              <value>
                <![CDATA["Validate create new timesheet page is accessible"]]>
              </value>
            </param>
            <param index="1">
              <value>
                <![CDATA["Optional[Timesheet Home]"]]>
              </value>
            </param>
          </params>
          <reporter-output>
          </reporter-output>
        </test-method> <!-- runScenario -->
        <test-method is-config="true" signature="tearDownClass()[pri:0, instance:runner.TestRunner@5427c60c]" started-at="2022-08-07T19:32:22Z" name="tearDownClass" finished-at="2022-08-07T19:32:23Z" duration-ms="690" status="PASS">
          <reporter-output>
          </reporter-output>
        </test-method> <!-- tearDownClass -->
      </class> <!-- runner.TestRunner -->
    </test> <!-- Surefire test -->
  </suite> <!-- Surefire suite -->
</testng-results>
