<?xml version="1.0" encoding="UTF-8"?>
<!-- Generated by org.testng.reporters.JUnitReportReporter -->
<testsuite hostname="Venus-MBP" failures="1" tests="8" name="runner.TestRunner" time="31.582" errors="0" timestamp="07 Aug 2022 19:32:23 GMT" skipped="0">
  <testcase classname="runner.TestRunner" name="runScenario" time="4.934"/>
  <testcase classname="runner.TestRunner" name="runScenario" time="4.540"/>
  <testcase classname="runner.TestRunner" name="runScenario" time="2.148"/>
  <testcase classname="runner.TestRunner" name="runScenario" time="2.525">
    <failure message="expected [true] but found [false]" type="java.lang.AssertionError">
      <![CDATA[java.lang.AssertionError: expected [true] but found [false]
at org.testng.Assert.fail(Assert.java:96)
at org.testng.Assert.failNotEquals(Assert.java:776)
at org.testng.Assert.assertTrue(Assert.java:44)
at org.testng.Assert.assertTrue(Assert.java:54)
at steps.TimesheetDetailsPageSteps.validate_hourly_rate_currency_label(TimesheetDetailsPageSteps.java:31)
at ✽.validate hourly rate currency label is "£"(file:///Users/venu/Desktop/QA-Task/src/test/resources/features/timesheetDetailsPage.feature:6)
]]>
    </failure>
  </testcase> <!-- runScenario -->
  <testcase classname="runner.TestRunner" name="runScenario" time="4.165"/>
  <testcase classname="runner.TestRunner" name="runScenario" time="4.130"/>
  <testcase classname="runner.TestRunner" name="runScenario" time="2.602"/>
  <testcase classname="runner.TestRunner" name="runScenario" time="6.538"/>
</testsuite> <!-- runner.TestRunner -->
